     1                                  bits 32
     2                                  global start
     3                                  
     4                                  extern exit,fopen,fread,fclose,printf
     5                                  import exit msvcrt.dll
     6                                  import fopen msvcrt.dll
     7                                  import fread msvcrt.dll
     8                                  import fclose msvcrt.dll
     9                                  import printf msvcrt.dll
    10                                  
    11                                  segment data use32 class=data
    12 00000000 746578742E74787400          nume_fisier db "text.txt", 0
    13 00000009 7200                        mod_acces db "r",0
    14 0000000B FF                          descriptor_fisier db -1
    15 0000000C 0B                          len db 11
    16 0000000D 00<rept>                    text times 11 db 0
    17 00000018 54657874756C206573-         format db "Textul este:%s",0
    17 00000021 74653A257300       
    18                                  
    19                                  segment code use32 class=code
    20                                  start:
    21                                      ;Deschidere fisier
    22 00000000 68[09000000]                push dword mod_acces
    23 00000005 68[00000000]                push dword nume_fisier
    24 0000000A FF15[00000000]              call [fopen]
    25 00000010 83C408                      add esp, 4*2
    26                                  
    27 00000013 A3[0B000000]                mov [descriptor_fisier], eax
    28                                  
    29 00000018 83F800                      cmp eax,0
    30 0000001B 742F                        jz finish
    31                                      
    32 0000001D FF35[0B000000]              push dword [descriptor_fisier]
    33 00000023 FF35[0C000000]              push dword [len]
    34 00000029 6A01                        push dword 1
    35 0000002B 68[0D000000]                push dword text   
    36 00000030 FF15[00000000]              call [fread]
    37 00000036 83C410                      add esp, 4*4
    38                                  
    39 00000039 68[0D000000]                push dword text
    40 0000003E 68[18000000]                push dword format
    41 00000043 FF15[00000000]              call [printf]
    42 00000049 83C408                      add esp, 4*2
    43                                  
    44                                  
    45                                      finish:
    46 0000004C FF35[0B000000]                  push dword [descriptor_fisier]
    47 00000052 FF15[00000000]                  call [fclose]
    48 00000058 83C404                          add esp, 4
    49 0000005B 6A00                    	    push dword 0 
    50 0000005D FF15[00000000]          	    call [exit] 
