     1                                  bits 32 
     2                                  global start
     3                                  
     4                                  
     5                                  extern exit , fopen,fclose, fprintf,scanf
     6                                  
     7                                  import exit msvcrt.dll 
     8                                  import scanf msvcrt.dll
     9                                  import fclose msvcrt.dll
    10                                  import fopen msvcrt.dll
    11                                  import fprintf msvcrt.dll
    12                                  
    13                                  segment data use32 class=data
    14                                      ;Se da un nume de fisier (definit in segmentul de date). Sa se creeze un fisier cu numele dat,
    15                                      ; apoi sa se citeasca de la tastatura numere si sa se scrie valorile citite in fisier pana cand se citeste de la tastatura valoarea 0. 
    16 00000000 74656D612E74787400          nume_fisier db "tema.txt",0
    17 00000009 6100                        mod_acces db "a",0
    18 0000000B FFFFFFFF                    descriptor_fisier dd -1
    19 0000000F 256300                      format_scanf db '%c',0
    20 00000012 25632000                    format_fprintf db '%c ',0
    21 00000016 0000                        a db 0,0
    22                                  segment code use32 class=code
    23                                  start:
    24                                      deschidere_fisier:
    25 00000000 68[09000000]                    push dword mod_acces 
    26 00000005 68[00000000]                    push dword nume_fisier
    27 0000000A FF15[00000000]                  call [fopen]
    28 00000010 83C408                          add esp, 4*2
    29 00000013 A3[0B000000]                    mov [descriptor_fisier],eax
    30 00000018 83F800                          cmp eax,0
    31 0000001B 741E                            je final
    32                                          
    33                                      citire_caracter:
    34 0000001D 68[16000000]                    push dword a
    35 00000022 68[0F000000]                    push dword format_scanf
    36 00000027 FF15[00000000]                  call [scanf]
    37 0000002D 83C408                          add esp, 4*2
    38 00000030 803D[16000000]30                cmp byte [a], '0'
    39 00000037 7402                            jz final
    40 00000039 EB14                            jmp adauga_caracter
    41                                  
    42                                      final:
    43 0000003B FF35[0B000000]                  push dword [descriptor_fisier]
    44 00000041 FF15[00000000]                  call [fclose]
    45 00000047 6A00                    	    push dword 0 
    46 00000049 FF15[00000000]          	    call [exit] 
    47                                  
    48                                      adauga_caracter:
    49 0000004F 68[16000000]                    push dword a
    50 00000054 68[12000000]                    push dword format_fprintf
    51 00000059 FF35[0B000000]                  push dword  [descriptor_fisier]
    52 0000005F FF15[00000000]                  call [fprintf]
    53 00000065 83C40C                          add esp, 4*3
    54 00000068 EBB3                            jmp citire_caracter
